Info: creating stash file /home/jithin/Documents/CSpark/expeyes-programs/eyes17/lang/.qmake.stash
Updating '/home/jithin/Documents/CSpark/expeyes-programs/eyes17/lang/ar.qm'...
    Generated 454 translation(s) (372 finished and 82 unfinished)
    Ignored 129 untranslated source text(s)
Updating '/home/jithin/Documents/CSpark/expeyes-programs/eyes17/lang/hi.qm'...
    Generated 4 translation(s) (0 finished and 4 unfinished)
    Ignored 579 untranslated source text(s)
Updating '/home/jithin/Documents/CSpark/expeyes-programs/eyes17/lang/te.qm'...
    Generated 483 translation(s) (416 finished and 67 unfinished)
    Ignored 100 untranslated source text(s)
Updating '/home/jithin/Documents/CSpark/expeyes-programs/eyes17/lang/gu.qm'...
    Generated 473 translation(s) (403 finished and 70 unfinished)
    Ignored 110 untranslated source text(s)
Updating '/home/jithin/Documents/CSpark/expeyes-programs/eyes17/lang/ta.qm'...
    Generated 479 translation(s) (417 finished and 62 unfinished)
    Ignored 104 untranslated source text(s)
Updating '/home/jithin/Documents/CSpark/expeyes-programs/eyes17/lang/bn.qm'...
    Generated 4 translation(s) (0 finished and 4 unfinished)
    Ignored 579 untranslated source text(s)
Updating '/home/jithin/Documents/CSpark/expeyes-programs/eyes17/lang/ml.qm'...
    Generated 459 translation(s) (376 finished and 83 unfinished)
    Ignored 124 untranslated source text(s)
Updating '/home/jithin/Documents/CSpark/expeyes-programs/eyes17/lang/or.qm'...
    Generated 4 translation(s) (0 finished and 4 unfinished)
    Ignored 579 untranslated source text(s)
Updating '/home/jithin/Documents/CSpark/expeyes-programs/eyes17/lang/mr.qm'...
    Generated 459 translation(s) (22 finished and 437 unfinished)
    Ignored 124 untranslated source text(s)
Updating '/home/jithin/Documents/CSpark/expeyes-programs/eyes17/lang/kn.qm'...
    Generated 4 translation(s) (0 finished and 4 unfinished)
    Ignored 579 untranslated source text(s)
Updating '/home/jithin/Documents/CSpark/expeyes-programs/eyes17/lang/es.qm'...
    Generated 490 translation(s) (428 finished and 62 unfinished)
    Ignored 93 untranslated source text(s)
Updating '/home/jithin/Documents/CSpark/expeyes-programs/eyes17/lang/pa.qm'...
    Generated 4 translation(s) (0 finished and 4 unfinished)
    Ignored 579 untranslated source text(s)
Updating '/home/jithin/Documents/CSpark/expeyes-programs/eyes17/lang/fr.qm'...
    Generated 515 translation(s) (487 finished and 28 unfinished)
    Ignored 68 untranslated source text(s)
